[2026-06-09T08:43:50.445Z] Auth Routes Loaded
[2026-06-09T09:21:24.759Z] Auth Routes Loaded
[2026-06-09T09:24:11.643Z] Forgot password request for: abinet25x@gmail.com
[2026-06-09T09:41:28.394Z] Auth Routes Loaded
[2026-06-09T09:49:17.085Z] Auth Routes Loaded
[2026-06-09T14:12:14.622Z] Auth Routes Loaded
[2026-06-09T15:30:58.886Z] Auth Routes Loaded
[2026-06-09T16:21:59.224Z] Auth Routes Loaded
[2026-06-09T16:27:21.107Z] Auth Routes Loaded
[2026-06-09T17:27:42.772Z] Auth Routes Loaded
[2026-06-09T17:34:03.297Z] Auth Routes Loaded
[2026-06-09T17:34:46.183Z] Auth Routes Loaded
[2026-06-09T17:51:53.376Z] Auth Routes Loaded
[2026-06-09T18:05:22.693Z] Auth Routes Loaded
[2026-06-09T18:07:02.723Z] Auth Routes Loaded
[2026-06-09T19:38:17.965Z] Auth Routes Loaded
[2026-06-09T20:42:12.665Z] Auth Routes Loaded
[2026-06-10T04:00:51.436Z] Auth Routes Loaded
[2026-06-11T15:30:38.519Z] Auth Routes Loaded
[2026-06-11T16:20:38.784Z] Auth Routes Loaded
[2026-06-11T18:22:06.179Z] Auth Routes Loaded
[2026-06-11T18:35:44.439Z] Auth Routes Loaded
[2026-06-12T11:55:47.288Z] Auth Routes Loaded
[2026-06-12T12:15:26.983Z] Forgot password request for: abinet23x@gmail.com
[2026-06-12T12:15:46.411Z] Forgot password request for: abinet23x@gmail.com
[2026-06-12T13:23:07.232Z] Auth Routes Loaded
[2026-06-12T13:37:45.388Z] Auth Routes Loaded
[2026-06-12T13:48:26.177Z] Auth Routes Loaded
[2026-06-12T13:49:37.657Z] Auth Routes Loaded
[2026-06-12T13:51:39.119Z] Auth Routes Loaded
[2026-06-12T13:53:52.711Z] Auth Routes Loaded
[2026-06-12T14:04:28.944Z] Auth Routes Loaded
[2026-06-12T14:30:27.422Z] Auth Routes Loaded
[2026-06-12T14:55:33.367Z] Auth Routes Loaded
[2026-06-12T15:39:55.923Z] Auth Routes Loaded
[2026-06-12T15:49:27.348Z] Auth Routes Loaded
[2026-06-12T16:01:46.588Z] Auth Routes Loaded
[2026-06-12T16:28:12.615Z] Auth Routes Loaded
[2026-06-12T16:29:42.416Z] Auth Routes Loaded
[2026-06-12T17:12:10.872Z] Auth Routes Loaded
[2026-06-12T17:13:12.367Z] Auth Routes Loaded
[2026-06-12T17:15:13.011Z] Auth Routes Loaded
[2026-06-12T17:18:34.689Z] Auth Routes Loaded
[2026-06-12T17:24:57.309Z] Auth Routes Loaded
[2026-06-12T17:33:06.974Z] Auth Routes Loaded
[2026-06-12T18:28:01.410Z] Auth Routes Loaded
[2026-06-12T19:56:27.314Z] Auth Routes Loaded
[2026-06-12T20:08:55.067Z] Auth Routes Loaded
[2026-06-12T20:20:54.671Z] Auth Routes Loaded
[2026-06-12T20:28:00.853Z] Auth Routes Loaded
[2026-06-12T20:29:08.971Z] Auth Routes Loaded
[2026-06-12T20:30:21.753Z] Auth Routes Loaded
[2026-06-12T21:25:01.635Z] Forgot password request for: abinet23x@gmail.com
[2026-06-13T06:46:09.398Z] Auth Routes Loaded
[2026-06-13T06:49:10.954Z] Auth Routes Loaded
[2026-06-13T07:34:22.251Z] Auth Routes Loaded
[2026-06-13T07:35:18.544Z] Auth Routes Loaded
[2026-06-13T09:34:50.791Z] Auth Routes Loaded
[2026-06-13T09:54:01.131Z] Auth Routes Loaded
[2026-06-13T10:15:16.353Z] Auth Routes Loaded
[2026-06-13T10:19:39.323Z] Auth Routes Loaded
[2026-06-13T10:43:04.795Z] Auth Routes Loaded
[2026-06-13T10:44:20.925Z] Auth Routes Loaded
[2026-06-13T10:54:17.639Z] Auth Routes Loaded
[2026-06-13T10:56:08.445Z] Auth Routes Loaded
[2026-06-13T10:56:49.423Z] Auth Routes Loaded
[2026-06-13T10:57:31.037Z] Auth Routes Loaded
[2026-06-13T10:59:02.093Z] Auth Routes Loaded
[2026-06-13T11:03:54.287Z] Auth Routes Loaded
[2026-06-13T11:05:04.829Z] Auth Routes Loaded
[2026-06-13T11:21:51.258Z] Auth Routes Loaded
[2026-06-13T11:53:48.747Z] Auth Routes Loaded
[2026-06-13T12:09:10.794Z] Auth Routes Loaded
[2026-06-13T12:29:33.237Z] Auth Routes Loaded
[2026-06-13T13:21:51.659Z] Auth Routes Loaded
[2026-06-13T13:30:01.015Z] Auth Routes Loaded
[2026-06-13T13:31:18.826Z] Auth Routes Loaded
[2026-06-13T13:38:00.376Z] Auth Routes Loaded
[2026-06-13T13:46:26.776Z] Auth Routes Loaded
[2026-06-13T13:54:26.696Z] Auth Routes Loaded
[2026-06-13T14:00:54.541Z] Auth Routes Loaded
[2026-06-13T14:03:25.393Z] Auth Routes Loaded
[2026-06-13T14:08:22.341Z] Auth Routes Loaded
[2026-06-13T14:08:46.736Z] Auth Routes Loaded
[2026-06-13T14:12:34.826Z] Auth Routes Loaded
[2026-06-13T14:15:58.230Z] Auth Routes Loaded
[2026-06-13T14:16:27.763Z] Auth Routes Loaded
[2026-06-13T14:27:37.163Z] Auth Routes Loaded
[2026-06-13T14:31:39.079Z] Auth Routes Loaded
[2026-06-13T15:20:01.957Z] Auth Routes Loaded
[2026-06-13T15:34:44.791Z] Auth Routes Loaded
[2026-06-13T15:35:33.767Z] Auth Routes Loaded
[2026-06-13T15:37:01.373Z] Auth Routes Loaded
[2026-06-13T15:58:31.056Z] Auth Routes Loaded
[2026-06-13T16:03:24.718Z] Auth Routes Loaded
[2026-06-13T16:15:26.627Z] Auth Routes Loaded
[2026-06-13T17:39:11.695Z] Auth Routes Loaded
[2026-06-13T17:50:24.224Z] Auth Routes Loaded
[2026-06-14T04:23:04.951Z] Auth Routes Loaded
[2026-06-14T04:38:23.763Z] Auth Routes Loaded
[2026-06-14T05:27:51.221Z] Auth Routes Loaded
[2026-06-14T05:28:19.203Z] Auth Routes Loaded
[2026-06-14T05:29:55.104Z] Auth Routes Loaded
[2026-06-14T05:48:59.178Z] Auth Routes Loaded
[2026-06-14T05:50:49.226Z] Auth Routes Loaded
[2026-06-14T05:52:17.318Z] Auth Routes Loaded
[2026-06-14T05:53:40.803Z] Auth Routes Loaded
[2026-06-14T06:04:09.972Z] Auth Routes Loaded
[2026-06-14T06:06:11.103Z] Login attempt for: abinet23x@gmail.com
[2026-06-14T06:13:50.082Z] Login attempt for: superadmin@zetime.com
[2026-06-14T06:14:43.785Z] Login attempt for: abinet24x@gmail.com
[2026-06-14T06:17:16.194Z] Auth Routes Loaded
[2026-06-14T06:32:47.199Z] Auth Routes Loaded
[2026-06-14T06:58:57.622Z] Auth Routes Loaded
[2026-06-14T07:04:53.985Z] Login attempt for: abinet24x@gmail.com
[2026-06-14T07:30:53.475Z] Auth Routes Loaded
[2026-06-14T07:34:16.898Z] Login attempt for: abinet23x@gmail.com
[2026-06-14T07:34:27.642Z] Login attempt for: abinet25x@gmail.com
[2026-06-14T07:59:52.974Z] Login attempt for: abinet25x@gmail.com
[2026-06-14T08:29:36.807Z] Auth Routes Loaded
[2026-06-14T08:43:02.691Z] Login attempt for: abinet24x@gmail.com
[2026-06-14T08:45:36.572Z] Auth Routes Loaded
[2026-06-14T08:47:20.631Z] Login attempt for: abinet24x@gmail.com
[2026-06-14T08:48:09.158Z] Login attempt for: abinet23x@gmail.com
[2026-06-14T08:56:54.757Z] Auth Routes Loaded
[2026-06-14T09:04:13.224Z] Login attempt for: abinet24x@gmail.com
[2026-06-14T09:06:24.487Z] Login attempt for: abinet23x@gmail.com
[2026-06-14T09:38:29.351Z] Login attempt for: henok@gmail.com
[2026-06-14T09:42:37.452Z] Forgot password request for: abinet23x@gmail.com
[2026-06-14T10:32:54.453Z] Login attempt for: abinet23x@gmail.com
[2026-06-14T10:38:03.183Z] Auth Routes Loaded
[2026-06-14T10:39:58.237Z] Login attempt for: henok@gmail.com
[2026-06-14T10:42:53.118Z] Login attempt for: abinet23x@gmail.com
[2026-06-14T10:54:44.923Z] Auth Routes Loaded
